2025-12-14 06:23:53,923 | INFO     | SerendivWatcher | 
================================================================================
2025-12-14 06:23:53,923 | INFO     | SerendivWatcher |   ___                     _ _     __        __    _       _               
2025-12-14 06:23:53,923 | INFO     | SerendivWatcher |  / __| ___ _ _ ___ _ _  __| (_)_ _\ \      / /_ _| |_ ___| |_  ___ _ _   
2025-12-14 06:23:53,923 | INFO     | SerendivWatcher |  \__ \/ -_) '_/ -_) ' \/ _` | \ V /\ \ /\ / / _` |  _/ __| ' \/ -_) '_|  
2025-12-14 06:23:53,923 | INFO     | SerendivWatcher |  |___/\___|_| \___|_||_\__,_|_|\_/  \_/\_/\__,_|\__\___|_||_\___|_|    
2025-12-14 06:23:53,923 | INFO     | SerendivWatcher | ================================================================================
2025-12-14 06:23:53,924 | INFO     | SerendivWatcher | Mode: ALL
2025-12-14 06:23:53,924 | INFO     | SerendivWatcher | Started: 2025-12-14 06:23:53
2025-12-14 06:23:53,924 | INFO     | SerendivWatcher | ================================================================================

2025-12-14 06:23:53,924 | INFO     | SerendivWatcher | Running initial pipeline before starting services...
2025-12-14 06:23:53,924 | INFO     | SerendivWatcher | ================================================================================
2025-12-14 06:23:53,924 | INFO     | SerendivWatcher | STARTING FULL DATA PIPELINE
2025-12-14 06:23:53,924 | INFO     | SerendivWatcher | ================================================================================
2025-12-14 06:23:53,925 | INFO     | SerendivWatcher | ================================================================================
2025-12-14 06:23:53,925 | INFO     | SerendivWatcher | Starting step: Scraper
2025-12-14 06:23:53,925 | INFO     | SerendivWatcher | ================================================================================
2025-12-14 06:23:53,925 | INFO     | SerendivWatcher | Running: E:\serendivWatcher\.venv\Scripts\python.exe E:\serendivWatcher\scripts\run_scraper.py
2025-12-14 06:27:49,925 | INFO     | SerendivWatcher | 
================================================================================
2025-12-14 06:27:49,925 | INFO     | SerendivWatcher |   ___                     _ _     __        __    _       _               
2025-12-14 06:27:49,925 | INFO     | SerendivWatcher |  / __| ___ _ _ ___ _ _  __| (_)_ _\ \      / /_ _| |_ ___| |_  ___ _ _   
2025-12-14 06:27:49,925 | INFO     | SerendivWatcher |  \__ \/ -_) '_/ -_) ' \/ _` | \ V /\ \ /\ / / _` |  _/ __| ' \/ -_) '_|  
2025-12-14 06:27:49,925 | INFO     | SerendivWatcher |  |___/\___|_| \___|_||_\__,_|_|\_/  \_/\_/\__,_|\__\___|_||_\___|_|    
2025-12-14 06:27:49,926 | INFO     | SerendivWatcher | ================================================================================
2025-12-14 06:27:49,926 | INFO     | SerendivWatcher | Mode: ALL
2025-12-14 06:27:49,926 | INFO     | SerendivWatcher | Started: 2025-12-14 06:27:49
2025-12-14 06:27:49,926 | INFO     | SerendivWatcher | ================================================================================

2025-12-14 06:27:49,926 | INFO     | SerendivWatcher | Running initial pipeline before starting services...
2025-12-14 06:27:49,926 | INFO     | SerendivWatcher | ================================================================================
2025-12-14 06:27:49,926 | INFO     | SerendivWatcher | STARTING FULL DATA PIPELINE
2025-12-14 06:27:49,927 | INFO     | SerendivWatcher | ================================================================================
2025-12-14 06:27:49,927 | INFO     | SerendivWatcher | ================================================================================
2025-12-14 06:27:49,927 | INFO     | SerendivWatcher | Starting step: Scraper
2025-12-14 06:27:49,927 | INFO     | SerendivWatcher | ================================================================================
2025-12-14 06:27:49,927 | INFO     | SerendivWatcher | Running: E:\serendivWatcher\.venv\Scripts\python.exe E:\serendivWatcher\scripts\run_scraper.py
2025-12-14 06:32:47,893 | INFO     | SerendivWatcher | 
================================================================================
2025-12-14 06:32:47,893 | INFO     | SerendivWatcher | SERENDIVWATCHER - INTELLIGENCE PLATFORM
2025-12-14 06:32:47,893 | INFO     | SerendivWatcher | ================================================================================
2025-12-14 06:32:47,893 | INFO     | SerendivWatcher | Mode: ALL
2025-12-14 06:32:47,893 | INFO     | SerendivWatcher | Started: 2025-12-14 06:32:47
2025-12-14 06:32:47,894 | INFO     | SerendivWatcher | ================================================================================

2025-12-14 06:32:47,894 | INFO     | SerendivWatcher | Running initial pipeline before starting services...
2025-12-14 06:32:47,894 | INFO     | SerendivWatcher | ================================================================================
2025-12-14 06:32:47,894 | INFO     | SerendivWatcher | STARTING FULL DATA PIPELINE
2025-12-14 06:32:47,894 | INFO     | SerendivWatcher | ================================================================================
2025-12-14 06:32:47,894 | INFO     | SerendivWatcher | ================================================================================
2025-12-14 06:32:47,894 | INFO     | SerendivWatcher | Starting step: Scraper
2025-12-14 06:32:47,894 | INFO     | SerendivWatcher | ================================================================================
2025-12-14 06:32:47,894 | INFO     | SerendivWatcher | Running: E:\serendivWatcher\.venv\Scripts\python.exe E:\serendivWatcher\scripts\run_scraper.py
2025-12-14 06:36:05,406 | INFO     | SerendivWatcher | 
================================================================================
2025-12-14 06:36:05,407 | INFO     | SerendivWatcher | SERENDIVWATCHER - INTELLIGENCE PLATFORM
2025-12-14 06:36:05,407 | INFO     | SerendivWatcher | ================================================================================
2025-12-14 06:36:05,407 | INFO     | SerendivWatcher | Mode: ALL
2025-12-14 06:36:05,407 | INFO     | SerendivWatcher | Started: 2025-12-14 06:36:05
2025-12-14 06:36:05,407 | INFO     | SerendivWatcher | ================================================================================

2025-12-14 06:36:05,407 | INFO     | SerendivWatcher | Running initial pipeline before starting services...
2025-12-14 06:36:05,407 | INFO     | SerendivWatcher | ================================================================================
2025-12-14 06:36:05,407 | INFO     | SerendivWatcher | STARTING FULL DATA PIPELINE
2025-12-14 06:36:05,407 | INFO     | SerendivWatcher | ================================================================================
2025-12-14 06:36:05,407 | INFO     | SerendivWatcher | ================================================================================
2025-12-14 06:36:05,407 | INFO     | SerendivWatcher | Starting step: Scraper
2025-12-14 06:36:05,407 | INFO     | SerendivWatcher | ================================================================================
2025-12-14 06:36:05,407 | INFO     | SerendivWatcher | Running: E:\serendivWatcher\.venv\Scripts\python.exe E:\serendivWatcher\scripts\run_scraper.py

2025-12-14 07:06:05,521 | ERROR    | SerendivWatcher | 
[Scraper] TIMEOUT after 30 minutes
2025-12-14 07:06:05,534 | WARNING  | SerendivWatcher | Critical step 'Scraper' failed. Continuing anyway...
2025-12-14 07:06:05,544 | INFO     | SerendivWatcher | ================================================================================
2025-12-14 07:06:05,545 | INFO     | SerendivWatcher | Starting step: NLP Enrichment
2025-12-14 07:06:05,551 | INFO     | SerendivWatcher | ================================================================================
2025-12-14 07:06:05,554 | INFO     | SerendivWatcher | Running: E:\serendivWatcher\.venv\Scripts\python.exe E:\serendivWatcher\scripts\enrich_articles.py

2025-12-14 07:18:44,304 | INFO     | SerendivWatcher | 
[NLP Enrichment] completed successfully
2025-12-14 07:18:44,308 | INFO     | SerendivWatcher | ================================================================================
2025-12-14 07:18:44,309 | INFO     | SerendivWatcher | Starting step: Build Indicators
2025-12-14 07:18:44,309 | INFO     | SerendivWatcher | ================================================================================
2025-12-14 07:18:44,310 | INFO     | SerendivWatcher | Running: E:\serendivWatcher\.venv\Scripts\python.exe E:\serendivWatcher\scripts\build_indicators.py

2025-12-14 07:20:55,575 | INFO     | SerendivWatcher | 
[Build Indicators] completed successfully
2025-12-14 07:20:55,578 | INFO     | SerendivWatcher | ================================================================================
2025-12-14 07:20:55,578 | INFO     | SerendivWatcher | Starting step: Generate Correlations
2025-12-14 07:20:55,578 | INFO     | SerendivWatcher | ================================================================================
2025-12-14 07:20:55,578 | INFO     | SerendivWatcher | Running: E:\serendivWatcher\.venv\Scripts\python.exe E:\serendivWatcher\src\processing\generate_correlations.py

2025-12-14 07:20:56,603 | INFO     | SerendivWatcher | 
[Generate Correlations] completed successfully
2025-12-14 07:20:56,605 | INFO     | SerendivWatcher | ================================================================================
2025-12-14 07:20:56,605 | INFO     | SerendivWatcher | Starting step: Generate Velocity
2025-12-14 07:20:56,606 | INFO     | SerendivWatcher | ================================================================================
2025-12-14 07:20:56,606 | INFO     | SerendivWatcher | Running: E:\serendivWatcher\.venv\Scripts\python.exe E:\serendivWatcher\src\processing\generate_velocity.py

2025-12-14 07:20:56,881 | INFO     | SerendivWatcher | 
[Generate Velocity] completed successfully
2025-12-14 07:20:56,882 | INFO     | SerendivWatcher | ================================================================================
2025-12-14 07:20:56,882 | INFO     | SerendivWatcher | Starting step: Build Vector DB
2025-12-14 07:20:56,883 | INFO     | SerendivWatcher | ================================================================================
2025-12-14 07:20:56,883 | INFO     | SerendivWatcher | Running: E:\serendivWatcher\.venv\Scripts\python.exe E:\serendivWatcher\scripts\build_vector_db.py

2025-12-14 07:21:33,101 | INFO     | SerendivWatcher | 
[Build Vector DB] completed successfully
2025-12-14 07:21:33,104 | INFO     | SerendivWatcher | ================================================================================
2025-12-14 07:21:33,106 | INFO     | SerendivWatcher | PIPELINE SUMMARY
2025-12-14 07:21:33,106 | INFO     | SerendivWatcher | ================================================================================
2025-12-14 07:21:33,107 | INFO     | SerendivWatcher |   Scraper................................. FAILED
2025-12-14 07:21:33,108 | INFO     | SerendivWatcher |   NLP Enrichment.......................... SUCCESS
2025-12-14 07:21:33,108 | INFO     | SerendivWatcher |   Build Indicators........................ SUCCESS
2025-12-14 07:21:33,108 | INFO     | SerendivWatcher |   Generate Correlations................... SUCCESS
2025-12-14 07:21:33,108 | INFO     | SerendivWatcher |   Generate Velocity....................... SUCCESS
2025-12-14 07:21:33,109 | INFO     | SerendivWatcher |   Build Vector DB......................... SUCCESS
2025-12-14 07:21:33,109 | INFO     | SerendivWatcher | 
Total Duration: 45.5 minutes
2025-12-14 07:21:33,110 | INFO     | SerendivWatcher | ================================================================================
2025-12-14 07:21:33,128 | INFO     | SerendivWatcher | Scheduler: Starting pipeline run at 2025-12-14 07:21:33
2025-12-14 07:21:33,128 | INFO     | SerendivWatcher | Pipeline scheduler started (runs every 6h)
2025-12-14 07:21:33,129 | INFO     | SerendivWatcher | ================================================================================
2025-12-14 07:21:33,134 | INFO     | SerendivWatcher | STARTING FULL DATA PIPELINE
2025-12-14 07:21:33,135 | INFO     | SerendivWatcher | ================================================================================
2025-12-14 07:21:33,137 | INFO     | SerendivWatcher | ================================================================================
2025-12-14 07:21:33,138 | INFO     | SerendivWatcher | Starting step: Scraper
2025-12-14 07:21:33,139 | INFO     | SerendivWatcher | ================================================================================
2025-12-14 07:21:33,139 | INFO     | SerendivWatcher | Running: E:\serendivWatcher\.venv\Scripts\python.exe E:\serendivWatcher\scripts\run_scraper.py

2025-12-14 07:21:46,741 | ERROR    | SerendivWatcher | Failed to start Flask app: No module named 'article_loader'
Traceback (most recent call last):
  File "e:\serendivWatcher\main.py", line 196, in start_flask_app
    from src.api.app import app
  File "E:\serendivWatcher\src\api\app.py", line 26, in <module>
    from article_loader import (
    ...<4 lines>...
    )
ModuleNotFoundError: No module named 'article_loader'
2025-12-14 07:21:51,748 | INFO     | SerendivWatcher | Pipeline scheduler stopped
2025-12-14 07:21:51,748 | INFO     | SerendivWatcher | SerendivWatcher shut down successfully
